platforms/android/app/build/intermediates/manifest_merge_blame_file/release/manifest-merger-blame-release-report.txt
1<?xml version="1.0" encoding="utf-8"?>
2<manifest xmlns:android="http://schemas.android.com/apk/res/android"
3    package="io.ionic.starter"
4    android:hardwareAccelerated="true"
5    android:versionCode="1"
6    android:versionName="0.0.1" >
7
8    <uses-sdk
9        android:minSdkVersion="22"
9-->src/main/AndroidManifest.xml
10        android:targetSdkVersion="29" />
10-->src/main/AndroidManifest.xml
11
12    <supports-screens
12-->src/main/AndroidManifest.xml:3:5-191
13        android:anyDensity="true"
13-->src/main/AndroidManifest.xml:3:23-48
14        android:largeScreens="true"
14-->src/main/AndroidManifest.xml:3:49-76
15        android:normalScreens="true"
15-->src/main/AndroidManifest.xml:3:77-105
16        android:resizeable="true"
16-->src/main/AndroidManifest.xml:3:106-131
17        android:smallScreens="true"
17-->src/main/AndroidManifest.xml:3:132-159
18        android:xlargeScreens="true" />
18-->src/main/AndroidManifest.xml:3:160-188
19
20    <uses-permission android:name="android.permission.INTERNET" />
20-->src/main/AndroidManifest.xml:4:5-67
20-->src/main/AndroidManifest.xml:4:22-64
21
22    <application
22-->src/main/AndroidManifest.xml:5:5-12:19
23        android:hardwareAccelerated="true"
23-->src/main/AndroidManifest.xml:5:18-52
24        android:icon="@mipmap/ic_launcher"
24-->src/main/AndroidManifest.xml:5:53-87
25        android:label="@string/app_name"
25-->src/main/AndroidManifest.xml:5:88-120
26        android:networkSecurityConfig="@xml/network_security_config"
26-->src/main/AndroidManifest.xml:5:121-181
27        android:supportsRtl="true" >
27-->src/main/AndroidManifest.xml:5:182-208
28        <activity
28-->src/main/AndroidManifest.xml:6:9-11:20
29            android:name="io.ionic.starter.MainActivity"
29-->src/main/AndroidManifest.xml:6:205-232
30            android:configChanges="orientation|keyboardHidden|keyboard|screenSize|locale|smallestScreenSize|screenLayout|uiMode"
30-->src/main/AndroidManifest.xml:6:19-135
31            android:label="@string/activity_name"
31-->src/main/AndroidManifest.xml:6:136-173
32            android:launchMode="singleTop"
32-->src/main/AndroidManifest.xml:6:174-204
33            android:theme="@android:style/Theme.DeviceDefault.NoActionBar"
33-->src/main/AndroidManifest.xml:6:233-295
34            android:windowSoftInputMode="adjustResize" >
34-->src/main/AndroidManifest.xml:6:296-338
35            <intent-filter android:label="@string/launcher_name" >
35-->src/main/AndroidManifest.xml:7:13-10:29
35-->src/main/AndroidManifest.xml:7:28-65
36                <action android:name="android.intent.action.MAIN" />
36-->src/main/AndroidManifest.xml:8:17-69
36-->src/main/AndroidManifest.xml:8:25-66
37
38                <category android:name="android.intent.category.LAUNCHER" />
38-->src/main/AndroidManifest.xml:9:17-77
38-->src/main/AndroidManifest.xml:9:27-74
39            </intent-filter>
40        </activity>
41    </application>
42
43</manifest>